<?xml version="1.0" encoding="UTF-8"?>
<coverage generated="1675332900701" clover="3.2.0">
  <project timestamp="1675332900701" name="All files">
    <metrics statements="13" coveredstatements="12" conditionals="0" coveredconditionals="0" methods="5" coveredmethods="4" elements="18" coveredelements="16" complexity="0" loc="13" ncloc="13" packages="1" files="2" classes="2"/>
    <file name="listMock.js" path="C:\Users\Dimov\OneDrive\Десктоп\to do\To-Do-List\src\modules\__mock__\listMock.js">
      <metrics statements="9" coveredstatements="8" conditionals="0" coveredconditionals="0" methods="3" coveredmethods="2"/>
      <line num="3" count="1" type="stmt"/>
      <line num="5" count="1" type="stmt"/>
      <line num="6" count="1" type="stmt"/>
      <line num="7" count="1" type="stmt"/>
      <line num="10" count="1" type="stmt"/>
      <line num="11" count="1" type="stmt"/>
      <line num="12" count="1" type="stmt"/>
      <line num="13" count="0" type="stmt"/>
      <line num="15" count="1" type="stmt"/>
    </file>
    <file name="localStorageMock.js" path="C:\Users\Dimov\OneDrive\Десктоп\to do\To-Do-List\src\modules\__mock__\localStorageMock.js">
      <metrics statements="4" coveredstatements="4" conditionals="0" coveredconditionals="0" methods="2" coveredmethods="2"/>
      <line num="1" count="1" type="stmt"/>
      <line num="3" count="1" type="stmt"/>
      <line num="4" count="2" type="stmt"/>
      <line num="6" count="2" type="stmt"/>
    </file>
  </project>
</coverage>
