<?xml version="1.0" encoding="UTF-8"?>
<coverage generated="1675336125056" clover="3.2.0">
  <project timestamp="1675336125056" name="All files">
    <metrics statements="19" coveredstatements="18" conditionals="0" coveredconditionals="0" methods="7" coveredmethods="6" elements="26" coveredelements="24" complexity="0" loc="19" ncloc="19" packages="1" files="3" classes="3"/>
    <file name="domMock.js" path="C:\Users\Dimov\OneDrive\Десктоп\to do\To-Do-List\src\modules\__mock__\domMock.js">
      <metrics statements="6" coveredstatements="6" conditionals="0" coveredconditionals="0" methods="2" coveredmethods="2"/>
      <line num="1" count="1" type="stmt"/>
      <line num="2" count="2" type="stmt"/>
      <line num="3" count="2" type="stmt"/>
      <line num="4" count="1" type="stmt"/>
      <line num="5" count="1" type="stmt"/>
      <line num="6" count="1" type="stmt"/>
    </file>
    <file name="listMock.js" path="C:\Users\Dimov\OneDrive\Десктоп\to do\To-Do-List\src\modules\__mock__\listMock.js">
      <metrics statements="9" coveredstatements="8" conditionals="0" coveredconditionals="0" methods="3" coveredmethods="2"/>
      <line num="3" count="1" type="stmt"/>
      <line num="5" count="1" type="stmt"/>
      <line num="6" count="1" type="stmt"/>
      <line num="7" count="1" type="stmt"/>
      <line num="10" count="1" type="stmt"/>
      <line num="11" count="1" type="stmt"/>
      <line num="12" count="1" type="stmt"/>
      <line num="13" count="0" type="stmt"/>
      <line num="15" count="1" type="stmt"/>
    </file>
    <file name="localStorageMock.js" path="C:\Users\Dimov\OneDrive\Десктоп\to do\To-Do-List\src\modules\__mock__\localStorageMock.js">
      <metrics statements="4" coveredstatements="4" conditionals="0" coveredconditionals="0" methods="2" coveredmethods="2"/>
      <line num="1" count="1" type="stmt"/>
      <line num="3" count="1" type="stmt"/>
      <line num="4" count="2" type="stmt"/>
      <line num="6" count="2" type="stmt"/>
    </file>
  </project>
</coverage>
