{"C:\\Users\\Dimov\\OneDrive\\Десктоп\\to do\\To-Do-List\\src\\modules\\lists.js": {"path":"C:\\Users\\Dimov\\OneDrive\\Десктоп\\to do\\To-Do-List\\src\\modules\\lists.js","statementMap":{"0":{"start":{"line":3,"column":17},"end":{"line":3,"column":57}},"1":{"start":{"line":5,"column":23},"end":{"line":7,"column":1}},"2":{"start":{"line":6,"column":2},"end":{"line":6,"column":79}},"3":{"start":{"line":9,"column":30},"end":{"line":15,"column":1}},"4":{"start":{"line":10,"column":2},"end":{"line":10,"column":75}},"5":{"start":{"line":10,"column":49},"end":{"line":10,"column":73}},"6":{"start":{"line":11,"column":2},"end":{"line":13,"column":5}},"7":{"start":{"line":12,"column":4},"end":{"line":12,"column":24}},"8":{"start":{"line":14,"column":2},"end":{"line":14,"column":23}},"9":{"start":{"line":17,"column":30},"end":{"line":46,"column":1}},"10":{"start":{"line":18,"column":2},"end":{"line":18,"column":26}},"11":{"start":{"line":20,"column":2},"end":{"line":20,"column":36}},"12":{"start":{"line":22,"column":2},"end":{"line":45,"column":5}},"13":{"start":{"line":23,"column":21},"end":{"line":23,"column":49}},"14":{"start":{"line":24,"column":4},"end":{"line":24,"column":47}},"15":{"start":{"line":26,"column":25},"end":{"line":26,"column":56}},"16":{"start":{"line":27,"column":4},"end":{"line":27,"column":60}},"17":{"start":{"line":28,"column":4},"end":{"line":28,"column":35}},"18":{"start":{"line":29,"column":4},"end":{"line":29,"column":42}},"19":{"start":{"line":30,"column":4},"end":{"line":30,"column":39}},"20":{"start":{"line":32,"column":21},"end":{"line":32,"column":52}},"21":{"start":{"line":33,"column":4},"end":{"line":33,"column":52}},"22":{"start":{"line":34,"column":4},"end":{"line":34,"column":31}},"23":{"start":{"line":35,"column":4},"end":{"line":35,"column":35}},"24":{"start":{"line":37,"column":4},"end":{"line":39,"column":5}},"25":{"start":{"line":38,"column":6},"end":{"line":38,"column":42}},"26":{"start":{"line":40,"column":22},"end":{"line":40,"column":52}},"27":{"start":{"line":41,"column":4},"end":{"line":41,"column":41}},"28":{"start":{"line":42,"column":4},"end":{"line":42,"column":32}},"29":{"start":{"line":43,"column":4},"end":{"line":43,"column":36}},"30":{"start":{"line":44,"column":4},"end":{"line":44,"column":35}},"31":{"start":{"line":48,"column":24},"end":{"line":64,"column":1}},"32":{"start":{"line":49,"column":22},"end":{"line":49,"column":64}},"33":{"start":{"line":50,"column":2},"end":{"line":50,"column":31}},"34":{"start":{"line":51,"column":2},"end":{"line":51,"column":22}},"35":{"start":{"line":52,"column":19},"end":{"line":52,"column":36}},"36":{"start":{"line":53,"column":2},"end":{"line":63,"column":5}},"37":{"start":{"line":54,"column":4},"end":{"line":62,"column":5}},"38":{"start":{"line":55,"column":24},"end":{"line":57,"column":7}},"39":{"start":{"line":56,"column":18},"end":{"line":56,"column":40}},"40":{"start":{"line":58,"column":6},"end":{"line":58,"column":56}},"41":{"start":{"line":59,"column":6},"end":{"line":59,"column":34}},"42":{"start":{"line":60,"column":6},"end":{"line":60,"column":40}},"43":{"start":{"line":61,"column":6},"end":{"line":61,"column":36}},"44":{"start":{"line":65,"column":26},"end":{"line":77,"column":1}},"45":{"start":{"line":66,"column":23},"end":{"line":66,"column":53}},"46":{"start":{"line":67,"column":22},"end":{"line":67,"column":57}},"47":{"start":{"line":68,"column":20},"end":{"line":70,"column":3}},"48":{"start":{"line":69,"column":14},"end":{"line":69,"column":45}},"49":{"start":{"line":71,"column":2},"end":{"line":71,"column":37}},"50":{"start":{"line":72,"column":2},"end":{"line":74,"column":5}},"51":{"start":{"line":73,"column":4},"end":{"line":73,"column":24}},"52":{"start":{"line":75,"column":2},"end":{"line":75,"column":36}},"53":{"start":{"line":76,"column":2},"end":{"line":76,"column":32}},"54":{"start":{"line":78,"column":24},"end":{"line":87,"column":1}},"55":{"start":{"line":79,"column":26},"end":{"line":79,"column":72}},"56":{"start":{"line":80,"column":22},"end":{"line":80,"column":56}},"57":{"start":{"line":81,"column":20},"end":{"line":83,"column":3}},"58":{"start":{"line":82,"column":14},"end":{"line":82,"column":45}},"59":{"start":{"line":84,"column":2},"end":{"line":84,"column":75}},"60":{"start":{"line":85,"column":2},"end":{"line":85,"column":36}},"61":{"start":{"line":86,"column":2},"end":{"line":86,"column":32}}},"fnMap":{"0":{"name":"(anonymous_0)","decl":{"start":{"line":5,"column":23},"end":{"line":5,"column":24}},"loc":{"start":{"line":5,"column":48},"end":{"line":7,"column":1}},"line":5},"1":{"name":"(anonymous_1)","decl":{"start":{"line":9,"column":30},"end":{"line":9,"column":31}},"loc":{"start":{"line":9,"column":49},"end":{"line":15,"column":1}},"line":9},"2":{"name":"(anonymous_2)","decl":{"start":{"line":10,"column":39},"end":{"line":10,"column":40}},"loc":{"start":{"line":10,"column":49},"end":{"line":10,"column":73}},"line":10},"3":{"name":"(anonymous_3)","decl":{"start":{"line":11,"column":24},"end":{"line":11,"column":25}},"loc":{"start":{"line":11,"column":41},"end":{"line":13,"column":3}},"line":11},"4":{"name":"(anonymous_4)","decl":{"start":{"line":17,"column":30},"end":{"line":17,"column":31}},"loc":{"start":{"line":17,"column":49},"end":{"line":46,"column":1}},"line":17},"5":{"name":"(anonymous_5)","decl":{"start":{"line":22,"column":24},"end":{"line":22,"column":25}},"loc":{"start":{"line":22,"column":34},"end":{"line":45,"column":3}},"line":22},"6":{"name":"(anonymous_6)","decl":{"start":{"line":48,"column":24},"end":{"line":48,"column":25}},"loc":{"start":{"line":48,"column":46},"end":{"line":64,"column":1}},"line":48},"7":{"name":"(anonymous_7)","decl":{"start":{"line":53,"column":43},"end":{"line":53,"column":44}},"loc":{"start":{"line":53,"column":50},"end":{"line":63,"column":3}},"line":53},"8":{"name":"(anonymous_8)","decl":{"start":{"line":56,"column":8},"end":{"line":56,"column":9}},"loc":{"start":{"line":56,"column":18},"end":{"line":56,"column":40}},"line":56},"9":{"name":"(anonymous_9)","decl":{"start":{"line":65,"column":26},"end":{"line":65,"column":27}},"loc":{"start":{"line":65,"column":48},"end":{"line":77,"column":1}},"line":65},"10":{"name":"(anonymous_10)","decl":{"start":{"line":69,"column":4},"end":{"line":69,"column":5}},"loc":{"start":{"line":69,"column":14},"end":{"line":69,"column":45}},"line":69},"11":{"name":"(anonymous_11)","decl":{"start":{"line":72,"column":24},"end":{"line":72,"column":25}},"loc":{"start":{"line":72,"column":41},"end":{"line":74,"column":3}},"line":72},"12":{"name":"(anonymous_12)","decl":{"start":{"line":78,"column":24},"end":{"line":78,"column":25}},"loc":{"start":{"line":78,"column":46},"end":{"line":87,"column":1}},"line":78},"13":{"name":"(anonymous_13)","decl":{"start":{"line":82,"column":4},"end":{"line":82,"column":5}},"loc":{"start":{"line":82,"column":14},"end":{"line":82,"column":45}},"line":82}},"branchMap":{"0":{"loc":{"start":{"line":37,"column":4},"end":{"line":39,"column":5}},"type":"if","locations":[{"start":{"line":37,"column":4},"end":{"line":39,"column":5}},{"start":{},"end":{}}],"line":37},"1":{"loc":{"start":{"line":54,"column":4},"end":{"line":62,"column":5}},"type":"if","locations":[{"start":{"line":54,"column":4},"end":{"line":62,"column":5}},{"start":{},"end":{}}],"line":54},"2":{"loc":{"start":{"line":54,"column":8},"end":{"line":54,"column":53}},"type":"binary-expr","locations":[{"start":{"line":54,"column":8},"end":{"line":54,"column":25}},{"start":{"line":54,"column":29},"end":{"line":54,"column":53}}],"line":54}},"s":{"0":1,"1":1,"2":0,"3":1,"4":0,"5":0,"6":0,"7":0,"8":0,"9":1,"10":0,"11":0,"12":0,"13":0,"14":0,"15":0,"16":0,"17":0,"18":0,"19":0,"20":0,"21":0,"22":0,"23":0,"24":0,"25":0,"26":0,"27":0,"28":0,"29":0,"30":0,"31":1,"32":0,"33":0,"34":0,"35":0,"36":0,"37":0,"38":0,"39":0,"40":0,"41":0,"42":0,"43":0,"44":1,"45":0,"46":0,"47":0,"48":0,"49":0,"50":0,"51":0,"52":0,"53":0,"54":1,"55":0,"56":0,"57":0,"58":0,"59":0,"60":0,"61":0},"f":{"0":0,"1":0,"2":0,"3":0,"4":0,"5":0,"6":0,"7":0,"8":0,"9":0,"10":0,"11":0,"12":0,"13":0},"b":{"0":[0,0],"1":[0,0],"2":[0,0]},"_coverageSchema":"1a1c01bbd47fc00a2c39e90264f33305004495a9","hash":"f5f2e35be540b41a97f75bb14aa01b10dff458e6"}
,"C:\\Users\\Dimov\\OneDrive\\Десктоп\\to do\\To-Do-List\\src\\modules\\storage.js": {"path":"C:\\Users\\Dimov\\OneDrive\\Десктоп\\to do\\To-Do-List\\src\\modules\\storage.js","statementMap":{"0":{"start":{"line":1,"column":34},"end":{"line":3,"column":1}},"1":{"start":{"line":2,"column":2},"end":{"line":2,"column":66}},"2":{"start":{"line":5,"column":31},"end":{"line":14,"column":1}},"3":{"start":{"line":6,"column":27},"end":{"line":6,"column":71}},"4":{"start":{"line":8,"column":2},"end":{"line":12,"column":3}},"5":{"start":{"line":9,"column":4},"end":{"line":9,"column":37}},"6":{"start":{"line":11,"column":4},"end":{"line":11,"column":23}},"7":{"start":{"line":13,"column":2},"end":{"line":13,"column":23}}},"fnMap":{"0":{"name":"(anonymous_0)","decl":{"start":{"line":1,"column":34},"end":{"line":1,"column":35}},"loc":{"start":{"line":1,"column":53},"end":{"line":3,"column":1}},"line":1},"1":{"name":"(anonymous_1)","decl":{"start":{"line":5,"column":31},"end":{"line":5,"column":32}},"loc":{"start":{"line":5,"column":37},"end":{"line":14,"column":1}},"line":5}},"branchMap":{"0":{"loc":{"start":{"line":8,"column":2},"end":{"line":12,"column":3}},"type":"if","locations":[{"start":{"line":8,"column":2},"end":{"line":12,"column":3}},{"start":{"line":10,"column":9},"end":{"line":12,"column":3}}],"line":8}},"s":{"0":1,"1":0,"2":1,"3":0,"4":0,"5":0,"6":0,"7":0},"f":{"0":0,"1":0},"b":{"0":[0,0]},"_coverageSchema":"1a1c01bbd47fc00a2c39e90264f33305004495a9","hash":"1fb51326e006a3614cd51d5b1ceb3fc3895074f8"}
}
