TN:
SF:src\modules\__mock__\domMock.js
FN:1,(anonymous_0)
FN:3,(anonymous_1)
FNF:2
FNH:2
FNDA:2,(anonymous_0)
FNDA:1,(anonymous_1)
DA:1,1
DA:2,2
DA:3,2
DA:4,1
DA:5,1
DA:6,1
LF:6
LH:6
BRF:0
BRH:0
end_of_record
TN:
SF:src\modules\__mock__\listMock.js
FN:5,(anonymous_0)
FN:10,(anonymous_1)
FN:12,(anonymous_2)
FN:18,(anonymous_3)
FN:19,(anonymous_4)
FNF:5
FNH:4
FNDA:1,(anonymous_0)
FNDA:1,(anonymous_1)
FNDA:0,(anonymous_2)
FNDA:1,(anonymous_3)
FNDA:1,(anonymous_4)
DA:3,1
DA:5,1
DA:6,1
DA:7,1
DA:10,1
DA:11,1
DA:12,1
DA:13,0
DA:15,1
DA:18,1
DA:19,1
DA:20,1
DA:21,1
LF:13
LH:12
BRF:0
BRH:0
end_of_record
TN:
SF:src\modules\__mock__\localStorageMock.js
FN:4,(anonymous_0)
FN:5,(anonymous_1)
FNF:2
FNH:2
FNDA:2,(anonymous_0)
FNDA:3,(anonymous_1)
DA:1,1
DA:3,1
DA:4,2
DA:6,3
LF:4
LH:4
BRF:0
BRH:0
end_of_record
